
Cadence Innovus(TM) Implementation System.
Copyright 2016 Cadence Design Systems, Inc. All rights reserved worldwide.

Version:	v16.26-s040_1, built Wed Mar 14 00:26:06 PDT 2018
Options:	-execute setLimitedAccessFeature legacy_fects 1 -execute win -init /cad/cadence/digital_ic_design/innovus/etc/innovus/enc.tcl 
Date:		Sun Oct 17 11:27:43 2021
Host:		legendre1 (x86_64 w/Linux 4.9.0-4-amd64) (1core*18cpus*Intel(R) Xeon(R) CPU E5-2650 v2 @ 2.60GHz 20480KB)
OS:		Unsupported OS as /etc does not have release info

License:
		invs	Innovus Implementation System	16.2	checkout succeeded
		8 CPU jobs allowed with the current license(s). Use setMultiCpuUsage to set your required CPU count.
Sourcing startup file /cad/cadence/digital_ic_design/innovus/etc/innovus/enc.tcl
<CMD> setLayerPreference rve_0 -color green -isVisible 1 -isSelectable 1 -lineWidth 5 -stipple none
<CMD> setLayerPreference rve_1 -color darkblue -isVisible 1 -isSelectable 1 -lineWidth 5 -stipple none
<CMD> setLayerPreference rve_2 -color slateblue -isVisible 1 -isSelectable 1 -lineWidth 5 -stipple none
<CMD> setLayerPreference rve_3 -color turquoise -isVisible 1 -isSelectable 1 -lineWidth 5 -stipple none
<CMD> setLayerPreference rve_4 -color lightgray -isVisible 1 -isSelectable 1 -lineWidth 5 -stipple none
<CMD> setLayerPreference rve_5 -color wheat -isVisible 1 -isSelectable 1 -lineWidth 5 -stipple none
<CMD> setLayerPreference rve_6 -color goldenrod -isVisible 1 -isSelectable 1 -lineWidth 5 -stipple none
<CMD> setLayerPreference rve_7 -color yellow -isVisible 1 -isSelectable 1 -lineWidth 5 -stipple none
<CMD> setLayerPreference rve_8 -color sandybrown -isVisible 1 -isSelectable 1 -lineWidth 5 -stipple none
<CMD> setLayerPreference rve_9 -color coral -isVisible 1 -isSelectable 1 -lineWidth 5 -stipple none
<CMD> setLayerPreference rve_10 -color red -isVisible 1 -isSelectable 1 -lineWidth 5 -stipple none
<CMD> setLayerPreference rve_11 -color tomato -isVisible 1 -isSelectable 1 -lineWidth 5 -stipple none
<CMD> setLayerPreference rve_12 -color firebrick -isVisible 1 -isSelectable 1 -lineWidth 5 -stipple none
<CMD> setLayerPreference rve_13 -color purple -isVisible 1 -isSelectable 1 -lineWidth 5 -stipple none
<CMD> setLayerPreference rve_14 -color violet -isVisible 1 -isSelectable 1 -lineWidth 5 -stipple none
<CMD> setLayerPreference rve_15 -color tan -isVisible 1 -isSelectable 1 -lineWidth 5 -stipple none
<CMD> ::getVersion

**INFO:  MMMC transition support version v31-84 

<CMD> set_global _enable_mmmc_by_default_flow      $CTE::mmmc_default
<CMD> suppressMessage ENCEXT-2799
<CMD> getDrawView
<CMD> loadWorkspace -name Physical
Executing cmd 'win' ...
<CMD> win
Sourcing file "/cad/cadence/digital_ic_design/innovus/etc/innovus/enc.tcl" ...
<CMD> set init_gnd_net VSS
<CMD> set init_lef_file ../../../jvy197519/LEF_file/trial_gcd.lef
<CMD> set init_design_settop 0
<CMD> set init_verilog typical/synth_typical.v
<CMD> set init_mmmc_file Default.view
<CMD> set init_pwr_net {VDD }
<CMD> init_design
#- Begin Load MMMC data ... (date=10/17 11:39:34, mem=524.2M)
#- End Load MMMC data ... (date=10/17 11:39:34, total cpu=0:00:00.0, real=0:00:00.0, peak res=69.3M, current mem=524.2M)
Default_rc_corner

Loading LEF file ../../../jvy197519/LEF_file/trial_gcd.lef ...
**WARN: (IMPLF-108):	There is no overlap layer defined in any LEF file
so you are unable to create rectilinear partition in a hierarchical flow.
Set DBUPerIGU to M2 pitch 400.
**WARN: (IMPLF-200):	Pin 'A' in macro 'ANTR' has no ANTENNAGATEAREA value defined. The library data is incomplete and some process antenna rules will not be checked correctly.
Type 'man IMPLF-200' for more detail.

viaInitial starts at Sun Oct 17 11:39:34 2021
viaInitial ends at Sun Oct 17 11:39:34 2021
Loading view definition file from Default.view
Reading max_time_library timing library '/afs/iitd.ac.in/service/tools/public/asiclib/umcoa/L65/libraries/UMC65LLSC/synopsys/ccs/uk65lscllmvbbr_090c125_wc_ccs.lib' ...
**WARN: (TECHLIB-436):	Attribute 'max_fanout' on 'output/inout' pin 'CO' of cell 'AD42M2RA' is not defined in the library. (File /afs/iitd.ac.in/service/tools/public/asiclib/umcoa/L65/libraries/UMC65LLSC/synopsys/ccs/uk65lscllmvbbr_090c125_wc_ccs.lib)
**WARN: (TECHLIB-436):	Attribute 'max_fanout' on 'output/inout' pin 'ICO' of cell 'AD42M2RA' is not defined in the library. (File /afs/iitd.ac.in/service/tools/public/asiclib/umcoa/L65/libraries/UMC65LLSC/synopsys/ccs/uk65lscllmvbbr_090c125_wc_ccs.lib)
**WARN: (TECHLIB-1365):	The ccsn_last_stage output_voltage_rise vector group for total_output_net_capacitance (0.017974) and input_net_transition (0.001702)  has a duplicate definition (line '292888') on pin 'S' and cell 'AD42M2RA'. The duplicate definition will be ignored. (File /afs/iitd.ac.in/service/tools/public/asiclib/umcoa/L65/libraries/UMC65LLSC/synopsys/ccs/uk65lscllmvbbr_090c125_wc_ccs.lib, Line 292879)
**WARN: (TECHLIB-1365):	The ccsn_last_stage output_voltage_rise vector group for total_output_net_capacitance (0.017974) and input_net_transition (0.008867)  has a duplicate definition (line '292906') on pin 'S' and cell 'AD42M2RA'. The duplicate definition will be ignored. (File /afs/iitd.ac.in/service/tools/public/asiclib/umcoa/L65/libraries/UMC65LLSC/synopsys/ccs/uk65lscllmvbbr_090c125_wc_ccs.lib, Line 292897)
**WARN: (TECHLIB-1365):	The ccsn_last_stage output_voltage_rise vector group for total_output_net_capacitance (0.181120) and input_net_transition (0.001702)  has a duplicate definition (line '292924') on pin 'S' and cell 'AD42M2RA'. The duplicate definition will be ignored. (File /afs/iitd.ac.in/service/tools/public/asiclib/umcoa/L65/libraries/UMC65LLSC/synopsys/ccs/uk65lscllmvbbr_090c125_wc_ccs.lib, Line 292915)
**WARN: (TECHLIB-1365):	The ccsn_last_stage output_voltage_rise vector group for total_output_net_capacitance (0.181120) and input_net_transition (0.008867)  has a duplicate definition (line '292942') on pin 'S' and cell 'AD42M2RA'. The duplicate definition will be ignored. (File /afs/iitd.ac.in/service/tools/public/asiclib/umcoa/L65/libraries/UMC65LLSC/synopsys/ccs/uk65lscllmvbbr_090c125_wc_ccs.lib, Line 292933)
**WARN: (TECHLIB-1365):	The ccsn_last_stage output_voltage_fall vector group for total_output_net_capacitance (0.017974) and input_net_transition (0.001702)  has a duplicate definition (line '292813') on pin 'S' and cell 'AD42M2RA'. The duplicate definition will be ignored. (File /afs/iitd.ac.in/service/tools/public/asiclib/umcoa/L65/libraries/UMC65LLSC/synopsys/ccs/uk65lscllmvbbr_090c125_wc_ccs.lib, Line 292804)
**WARN: (TECHLIB-1365):	The ccsn_last_stage output_voltage_fall vector group for total_output_net_capacitance (0.017974) and input_net_transition (0.008867)  has a duplicate definition (line '292831') on pin 'S' and cell 'AD42M2RA'. The duplicate definition will be ignored. (File /afs/iitd.ac.in/service/tools/public/asiclib/umcoa/L65/libraries/UMC65LLSC/synopsys/ccs/uk65lscllmvbbr_090c125_wc_ccs.lib, Line 292822)
**WARN: (TECHLIB-1365):	The ccsn_last_stage output_voltage_fall vector group for total_output_net_capacitance (0.181120) and input_net_transition (0.001702)  has a duplicate definition (line '292849') on pin 'S' and cell 'AD42M2RA'. The duplicate definition will be ignored. (File /afs/iitd.ac.in/service/tools/public/asiclib/umcoa/L65/libraries/UMC65LLSC/synopsys/ccs/uk65lscllmvbbr_090c125_wc_ccs.lib, Line 292840)
**WARN: (TECHLIB-1365):	The ccsn_last_stage output_voltage_fall vector group for total_output_net_capacitance (0.181120) and input_net_transition (0.008867)  has a duplicate definition (line '292867') on pin 'S' and cell 'AD42M2RA'. The duplicate definition will be ignored. (File /afs/iitd.ac.in/service/tools/public/asiclib/umcoa/L65/libraries/UMC65LLSC/synopsys/ccs/uk65lscllmvbbr_090c125_wc_ccs.lib, Line 292858)
**WARN: (TECHLIB-1365):	The ccsn_last_stage output_voltage_rise vector group for total_output_net_capacitance (0.017974) and input_net_transition (0.001702)  has a duplicate definition (line '293463') on pin 'S' and cell 'AD42M2RA'. The duplicate definition will be ignored. (File /afs/iitd.ac.in/service/tools/public/asiclib/umcoa/L65/libraries/UMC65LLSC/synopsys/ccs/uk65lscllmvbbr_090c125_wc_ccs.lib, Line 293454)
**WARN: (TECHLIB-1365):	The ccsn_last_stage output_voltage_rise vector group for total_output_net_capacitance (0.017974) and input_net_transition (0.008867)  has a duplicate definition (line '293481') on pin 'S' and cell 'AD42M2RA'. The duplicate definition will be ignored. (File /afs/iitd.ac.in/service/tools/public/asiclib/umcoa/L65/libraries/UMC65LLSC/synopsys/ccs/uk65lscllmvbbr_090c125_wc_ccs.lib, Line 293472)
**WARN: (TECHLIB-1365):	The ccsn_last_stage output_voltage_rise vector group for total_output_net_capacitance (0.181120) and input_net_transition (0.001702)  has a duplicate definition (line '293499') on pin 'S' and cell 'AD42M2RA'. The duplicate definition will be ignored. (File /afs/iitd.ac.in/service/tools/public/asiclib/umcoa/L65/libraries/UMC65LLSC/synopsys/ccs/uk65lscllmvbbr_090c125_wc_ccs.lib, Line 293490)
**WARN: (TECHLIB-1365):	The ccsn_last_stage output_voltage_rise vector group for total_output_net_capacitance (0.181120) and input_net_transition (0.008867)  has a duplicate definition (line '293517') on pin 'S' and cell 'AD42M2RA'. The duplicate definition will be ignored. (File /afs/iitd.ac.in/service/tools/public/asiclib/umcoa/L65/libraries/UMC65LLSC/synopsys/ccs/uk65lscllmvbbr_090c125_wc_ccs.lib, Line 293508)
**WARN: (TECHLIB-1365):	The ccsn_last_stage output_voltage_fall vector group for total_output_net_capacitance (0.017974) and input_net_transition (0.001702)  has a duplicate definition (line '293388') on pin 'S' and cell 'AD42M2RA'. The duplicate definition will be ignored. (File /afs/iitd.ac.in/service/tools/public/asiclib/umcoa/L65/libraries/UMC65LLSC/synopsys/ccs/uk65lscllmvbbr_090c125_wc_ccs.lib, Line 293379)
**WARN: (TECHLIB-1365):	The ccsn_last_stage output_voltage_fall vector group for total_output_net_capacitance (0.017974) and input_net_transition (0.008867)  has a duplicate definition (line '293406') on pin 'S' and cell 'AD42M2RA'. The duplicate definition will be ignored. (File /afs/iitd.ac.in/service/tools/public/asiclib/umcoa/L65/libraries/UMC65LLSC/synopsys/ccs/uk65lscllmvbbr_090c125_wc_ccs.lib, Line 293397)
**WARN: (TECHLIB-1365):	The ccsn_last_stage output_voltage_fall vector group for total_output_net_capacitance (0.181120) and input_net_transition (0.001702)  has a duplicate definition (line '293424') on pin 'S' and cell 'AD42M2RA'. The duplicate definition will be ignored. (File /afs/iitd.ac.in/service/tools/public/asiclib/umcoa/L65/libraries/UMC65LLSC/synopsys/ccs/uk65lscllmvbbr_090c125_wc_ccs.lib, Line 293415)
**WARN: (TECHLIB-1365):	The ccsn_last_stage output_voltage_fall vector group for total_output_net_capacitance (0.181120) and input_net_transition (0.008867)  has a duplicate definition (line '293442') on pin 'S' and cell 'AD42M2RA'. The duplicate definition will be ignored. (File /afs/iitd.ac.in/service/tools/public/asiclib/umcoa/L65/libraries/UMC65LLSC/synopsys/ccs/uk65lscllmvbbr_090c125_wc_ccs.lib, Line 293433)
**WARN: (TECHLIB-1365):	The ccsn_last_stage output_voltage_rise vector group for total_output_net_capacitance (0.017974) and input_net_transition (0.001702)  has a duplicate definition (line '294038') on pin 'S' and cell 'AD42M2RA'. The duplicate definition will be ignored. (File /afs/iitd.ac.in/service/tools/public/asiclib/umcoa/L65/libraries/UMC65LLSC/synopsys/ccs/uk65lscllmvbbr_090c125_wc_ccs.lib, Line 294029)
**WARN: (TECHLIB-1365):	The ccsn_last_stage output_voltage_rise vector group for total_output_net_capacitance (0.017974) and input_net_transition (0.008867)  has a duplicate definition (line '294056') on pin 'S' and cell 'AD42M2RA'. The duplicate definition will be ignored. (File /afs/iitd.ac.in/service/tools/public/asiclib/umcoa/L65/libraries/UMC65LLSC/synopsys/ccs/uk65lscllmvbbr_090c125_wc_ccs.lib, Line 294047)
**WARN: (TECHLIB-1365):	The ccsn_last_stage output_voltage_rise vector group for total_output_net_capacitance (0.181120) and input_net_transition (0.001702)  has a duplicate definition (line '294074') on pin 'S' and cell 'AD42M2RA'. The duplicate definition will be ignored. (File /afs/iitd.ac.in/service/tools/public/asiclib/umcoa/L65/libraries/UMC65LLSC/synopsys/ccs/uk65lscllmvbbr_090c125_wc_ccs.lib, Line 294065)
**WARN: (TECHLIB-1365):	The ccsn_last_stage output_voltage_rise vector group for total_output_net_capacitance (0.181120) and input_net_transition (0.008867)  has a duplicate definition (line '294092') on pin 'S' and cell 'AD42M2RA'. The duplicate definition will be ignored. (File /afs/iitd.ac.in/service/tools/public/asiclib/umcoa/L65/libraries/UMC65LLSC/synopsys/ccs/uk65lscllmvbbr_090c125_wc_ccs.lib, Line 294083)
Message <TECHLIB-1365> has exceeded the message display limit of '20'. Use 'set_message -no_limit -id list_of_msgIDs' to reset the message limit.
**WARN: (TECHLIB-436):	Attribute 'max_fanout' on 'output/inout' pin 'S' of cell 'AD42M2RA' is not defined in the library. (File /afs/iitd.ac.in/service/tools/public/asiclib/umcoa/L65/libraries/UMC65LLSC/synopsys/ccs/uk65lscllmvbbr_090c125_wc_ccs.lib)
**WARN: (TECHLIB-436):	Attribute 'max_fanout' on 'output/inout' pin 'CO' of cell 'AD42M4RA' is not defined in the library. (File /afs/iitd.ac.in/service/tools/public/asiclib/umcoa/L65/libraries/UMC65LLSC/synopsys/ccs/uk65lscllmvbbr_090c125_wc_ccs.lib)
**WARN: (TECHLIB-436):	Attribute 'max_fanout' on 'output/inout' pin 'ICO' of cell 'AD42M4RA' is not defined in the library. (File /afs/iitd.ac.in/service/tools/public/asiclib/umcoa/L65/libraries/UMC65LLSC/synopsys/ccs/uk65lscllmvbbr_090c125_wc_ccs.lib)
**WARN: (TECHLIB-436):	Attribute 'max_fanout' on 'output/inout' pin 'S' of cell 'AD42M4RA' is not defined in the library. (File /afs/iitd.ac.in/service/tools/public/asiclib/umcoa/L65/libraries/UMC65LLSC/synopsys/ccs/uk65lscllmvbbr_090c125_wc_ccs.lib)
**WARN: (TECHLIB-436):	Attribute 'max_fanout' on 'output/inout' pin 'CO0' of cell 'ADCSCM2R' is not defined in the library. (File /afs/iitd.ac.in/service/tools/public/asiclib/umcoa/L65/libraries/UMC65LLSC/synopsys/ccs/uk65lscllmvbbr_090c125_wc_ccs.lib)
**WARN: (TECHLIB-436):	Attribute 'max_fanout' on 'output/inout' pin 'CO1' of cell 'ADCSCM2R' is not defined in the library. (File /afs/iitd.ac.in/service/tools/public/asiclib/umcoa/L65/libraries/UMC65LLSC/synopsys/ccs/uk65lscllmvbbr_090c125_wc_ccs.lib)
**WARN: (TECHLIB-436):	Attribute 'max_fanout' on 'output/inout' pin 'CO0' of cell 'ADCSCM4R' is not defined in the library. (File /afs/iitd.ac.in/service/tools/public/asiclib/umcoa/L65/libraries/UMC65LLSC/synopsys/ccs/uk65lscllmvbbr_090c125_wc_ccs.lib)
**WARN: (TECHLIB-436):	Attribute 'max_fanout' on 'output/inout' pin 'CO1' of cell 'ADCSCM4R' is not defined in the library. (File /afs/iitd.ac.in/service/tools/public/asiclib/umcoa/L65/libraries/UMC65LLSC/synopsys/ccs/uk65lscllmvbbr_090c125_wc_ccs.lib)
**WARN: (TECHLIB-436):	Attribute 'max_fanout' on 'output/inout' pin 'CO0B' of cell 'ADCSIOM2R' is not defined in the library. (File /afs/iitd.ac.in/service/tools/public/asiclib/umcoa/L65/libraries/UMC65LLSC/synopsys/ccs/uk65lscllmvbbr_090c125_wc_ccs.lib)
**WARN: (TECHLIB-436):	Attribute 'max_fanout' on 'output/inout' pin 'CO1B' of cell 'ADCSIOM2R' is not defined in the library. (File /afs/iitd.ac.in/service/tools/public/asiclib/umcoa/L65/libraries/UMC65LLSC/synopsys/ccs/uk65lscllmvbbr_090c125_wc_ccs.lib)
**WARN: (TECHLIB-436):	Attribute 'max_fanout' on 'output/inout' pin 'CO0B' of cell 'ADCSIOM4R' is not defined in the library. (File /afs/iitd.ac.in/service/tools/public/asiclib/umcoa/L65/libraries/UMC65LLSC/synopsys/ccs/uk65lscllmvbbr_090c125_wc_ccs.lib)
**WARN: (TECHLIB-436):	Attribute 'max_fanout' on 'output/inout' pin 'CO1B' of cell 'ADCSIOM4R' is not defined in the library. (File /afs/iitd.ac.in/service/tools/public/asiclib/umcoa/L65/libraries/UMC65LLSC/synopsys/ccs/uk65lscllmvbbr_090c125_wc_ccs.lib)
**WARN: (TECHLIB-436):	Attribute 'max_fanout' on 'output/inout' pin 'CO0B' of cell 'ADCSOM2R' is not defined in the library. (File /afs/iitd.ac.in/service/tools/public/asiclib/umcoa/L65/libraries/UMC65LLSC/synopsys/ccs/uk65lscllmvbbr_090c125_wc_ccs.lib)
**WARN: (TECHLIB-436):	Attribute 'max_fanout' on 'output/inout' pin 'CO1B' of cell 'ADCSOM2R' is not defined in the library. (File /afs/iitd.ac.in/service/tools/public/asiclib/umcoa/L65/libraries/UMC65LLSC/synopsys/ccs/uk65lscllmvbbr_090c125_wc_ccs.lib)
**WARN: (TECHLIB-436):	Attribute 'max_fanout' on 'output/inout' pin 'CO0B' of cell 'ADCSOM4R' is not defined in the library. (File /afs/iitd.ac.in/service/tools/public/asiclib/umcoa/L65/libraries/UMC65LLSC/synopsys/ccs/uk65lscllmvbbr_090c125_wc_ccs.lib)
**WARN: (TECHLIB-436):	Attribute 'max_fanout' on 'output/inout' pin 'CO1B' of cell 'ADCSOM4R' is not defined in the library. (File /afs/iitd.ac.in/service/tools/public/asiclib/umcoa/L65/libraries/UMC65LLSC/synopsys/ccs/uk65lscllmvbbr_090c125_wc_ccs.lib)
**WARN: (TECHLIB-436):	Attribute 'max_fanout' on 'output/inout' pin 'CO' of cell 'ADFCGCM2RA' is not defined in the library. (File /afs/iitd.ac.in/service/tools/public/asiclib/umcoa/L65/libraries/UMC65LLSC/synopsys/ccs/uk65lscllmvbbr_090c125_wc_ccs.lib)
**WARN: (TECHLIB-436):	Attribute 'max_fanout' on 'output/inout' pin 'CO' of cell 'ADFCGCM4RA' is not defined in the library. (File /afs/iitd.ac.in/service/tools/public/asiclib/umcoa/L65/libraries/UMC65LLSC/synopsys/ccs/uk65lscllmvbbr_090c125_wc_ccs.lib)
Message <TECHLIB-436> has exceeded the message display limit of '20'. Use 'set_message -no_limit -id list_of_msgIDs' to reset the message limit.
**WARN: (TECHLIB-302):	No function defined for cell 'FILEP8R'. The cell will only be used for analysis. (File /afs/iitd.ac.in/service/tools/public/asiclib/umcoa/L65/libraries/UMC65LLSC/synopsys/ccs/uk65lscllmvbbr_090c125_wc_ccs.lib)
**WARN: (TECHLIB-302):	No function defined for cell 'FILEP64R'. The cell will only be used for analysis. (File /afs/iitd.ac.in/service/tools/public/asiclib/umcoa/L65/libraries/UMC65LLSC/synopsys/ccs/uk65lscllmvbbr_090c125_wc_ccs.lib)
**WARN: (TECHLIB-302):	No function defined for cell 'FILEP32R'. The cell will only be used for analysis. (File /afs/iitd.ac.in/service/tools/public/asiclib/umcoa/L65/libraries/UMC65LLSC/synopsys/ccs/uk65lscllmvbbr_090c125_wc_ccs.lib)
**WARN: (TECHLIB-302):	No function defined for cell 'FILEP16R'. The cell will only be used for analysis. (File /afs/iitd.ac.in/service/tools/public/asiclib/umcoa/L65/libraries/UMC65LLSC/synopsys/ccs/uk65lscllmvbbr_090c125_wc_ccs.lib)
**WARN: (TECHLIB-302):	No function defined for cell 'FILE8R'. The cell will only be used for analysis. (File /afs/iitd.ac.in/service/tools/public/asiclib/umcoa/L65/libraries/UMC65LLSC/synopsys/ccs/uk65lscllmvbbr_090c125_wc_ccs.lib)
**WARN: (TECHLIB-302):	No function defined for cell 'FILE6R'. The cell will only be used for analysis. (File /afs/iitd.ac.in/service/tools/public/asiclib/umcoa/L65/libraries/UMC65LLSC/synopsys/ccs/uk65lscllmvbbr_090c125_wc_ccs.lib)
**WARN: (TECHLIB-302):	No function defined for cell 'FILE64R'. The cell will only be used for analysis. (File /afs/iitd.ac.in/service/tools/public/asiclib/umcoa/L65/libraries/UMC65LLSC/synopsys/ccs/uk65lscllmvbbr_090c125_wc_ccs.lib)
**WARN: (TECHLIB-302):	No function defined for cell 'FILE4R'. The cell will only be used for analysis. (File /afs/iitd.ac.in/service/tools/public/asiclib/umcoa/L65/libraries/UMC65LLSC/synopsys/ccs/uk65lscllmvbbr_090c125_wc_ccs.lib)
**WARN: (TECHLIB-302):	No function defined for cell 'FILE3R'. The cell will only be used for analysis. (File /afs/iitd.ac.in/service/tools/public/asiclib/umcoa/L65/libraries/UMC65LLSC/synopsys/ccs/uk65lscllmvbbr_090c125_wc_ccs.lib)
**WARN: (TECHLIB-302):	No function defined for cell 'FILE32R'. The cell will only be used for analysis. (File /afs/iitd.ac.in/service/tools/public/asiclib/umcoa/L65/libraries/UMC65LLSC/synopsys/ccs/uk65lscllmvbbr_090c125_wc_ccs.lib)
**WARN: (TECHLIB-302):	No function defined for cell 'FILE16R'. The cell will only be used for analysis. (File /afs/iitd.ac.in/service/tools/public/asiclib/umcoa/L65/libraries/UMC65LLSC/synopsys/ccs/uk65lscllmvbbr_090c125_wc_ccs.lib)
**WARN: (TECHLIB-302):	No function defined for cell 'ANTR'. The cell will only be used for analysis. (File /afs/iitd.ac.in/service/tools/public/asiclib/umcoa/L65/libraries/UMC65LLSC/synopsys/ccs/uk65lscllmvbbr_090c125_wc_ccs.lib)
Read 1077 cells in library 'uk65lscllmvbbr_090c125_wc' 
Reading min_time_library timing library '/afs/iitd.ac.in/service/tools/public/asiclib/umcoa/L65/libraries/UMC65LLSC/synopsys/ccs/uk65lscllmvbbr_110c-40_bc_ccs.lib' ...
**WARN: (TECHLIB-302):	No function defined for cell 'FILEP8R'. The cell will only be used for analysis. (File /afs/iitd.ac.in/service/tools/public/asiclib/umcoa/L65/libraries/UMC65LLSC/synopsys/ccs/uk65lscllmvbbr_110c-40_bc_ccs.lib)
**WARN: (TECHLIB-302):	No function defined for cell 'FILEP64R'. The cell will only be used for analysis. (File /afs/iitd.ac.in/service/tools/public/asiclib/umcoa/L65/libraries/UMC65LLSC/synopsys/ccs/uk65lscllmvbbr_110c-40_bc_ccs.lib)
**WARN: (TECHLIB-302):	No function defined for cell 'FILEP32R'. The cell will only be used for analysis. (File /afs/iitd.ac.in/service/tools/public/asiclib/umcoa/L65/libraries/UMC65LLSC/synopsys/ccs/uk65lscllmvbbr_110c-40_bc_ccs.lib)
**WARN: (TECHLIB-302):	No function defined for cell 'FILEP16R'. The cell will only be used for analysis. (File /afs/iitd.ac.in/service/tools/public/asiclib/umcoa/L65/libraries/UMC65LLSC/synopsys/ccs/uk65lscllmvbbr_110c-40_bc_ccs.lib)
**WARN: (TECHLIB-302):	No function defined for cell 'FILE8R'. The cell will only be used for analysis. (File /afs/iitd.ac.in/service/tools/public/asiclib/umcoa/L65/libraries/UMC65LLSC/synopsys/ccs/uk65lscllmvbbr_110c-40_bc_ccs.lib)
**WARN: (TECHLIB-302):	No function defined for cell 'FILE6R'. The cell will only be used for analysis. (File /afs/iitd.ac.in/service/tools/public/asiclib/umcoa/L65/libraries/UMC65LLSC/synopsys/ccs/uk65lscllmvbbr_110c-40_bc_ccs.lib)
**WARN: (TECHLIB-302):	No function defined for cell 'FILE64R'. The cell will only be used for analysis. (File /afs/iitd.ac.in/service/tools/public/asiclib/umcoa/L65/libraries/UMC65LLSC/synopsys/ccs/uk65lscllmvbbr_110c-40_bc_ccs.lib)
**WARN: (TECHLIB-302):	No function defined for cell 'FILE4R'. The cell will only be used for analysis. (File /afs/iitd.ac.in/service/tools/public/asiclib/umcoa/L65/libraries/UMC65LLSC/synopsys/ccs/uk65lscllmvbbr_110c-40_bc_ccs.lib)
Message <TECHLIB-302> has exceeded the message display limit of '20'. Use 'set_message -no_limit -id list_of_msgIDs' to reset the message limit.
Read 1077 cells in library 'uk65lscllmvbbr_110c-40_bc' 
*** End library_loading (cpu=1.22min, real=1.10min, mem=425.3M, fe_cpu=6.19min, fe_real=12.95min, fe_mem=962.7M) ***
#- Begin Load netlist data ... (date=10/17 11:40:40, mem=962.7M)
*** Begin netlist parsing (mem=962.7M) ***
**WARN: (IMPVL-159):	Pin 'VDD' of cell 'XOR4M8RA' is defined in LEF but not in the timing library.
**WARN: (IMPVL-159):	Pin 'VSS' of cell 'XOR4M8RA' is defined in LEF but not in the timing library.
**WARN: (IMPVL-159):	Pin 'VDD' of cell 'XOR4M4RA' is defined in LEF but not in the timing library.
**WARN: (IMPVL-159):	Pin 'VSS' of cell 'XOR4M4RA' is defined in LEF but not in the timing library.
**WARN: (IMPVL-159):	Pin 'VDD' of cell 'XOR4M2RA' is defined in LEF but not in the timing library.
**WARN: (IMPVL-159):	Pin 'VSS' of cell 'XOR4M2RA' is defined in LEF but not in the timing library.
**WARN: (IMPVL-159):	Pin 'VDD' of cell 'XOR4M1RA' is defined in LEF but not in the timing library.
**WARN: (IMPVL-159):	Pin 'VSS' of cell 'XOR4M1RA' is defined in LEF but not in the timing library.
**WARN: (IMPVL-159):	Pin 'VDD' of cell 'XOR3M8RA' is defined in LEF but not in the timing library.
**WARN: (IMPVL-159):	Pin 'VSS' of cell 'XOR3M8RA' is defined in LEF but not in the timing library.
**WARN: (IMPVL-159):	Pin 'VDD' of cell 'XOR3M6RA' is defined in LEF but not in the timing library.
**WARN: (IMPVL-159):	Pin 'VSS' of cell 'XOR3M6RA' is defined in LEF but not in the timing library.
**WARN: (IMPVL-159):	Pin 'VDD' of cell 'XOR3M4RA' is defined in LEF but not in the timing library.
**WARN: (IMPVL-159):	Pin 'VSS' of cell 'XOR3M4RA' is defined in LEF but not in the timing library.
**WARN: (IMPVL-159):	Pin 'VDD' of cell 'XOR3M2RA' is defined in LEF but not in the timing library.
**WARN: (IMPVL-159):	Pin 'VSS' of cell 'XOR3M2RA' is defined in LEF but not in the timing library.
**WARN: (IMPVL-159):	Pin 'VDD' of cell 'XOR3M1RA' is defined in LEF but not in the timing library.
**WARN: (IMPVL-159):	Pin 'VSS' of cell 'XOR3M1RA' is defined in LEF but not in the timing library.
**WARN: (IMPVL-159):	Pin 'VDD' of cell 'XOR3M0RA' is defined in LEF but not in the timing library.
**WARN: (IMPVL-159):	Pin 'VSS' of cell 'XOR3M0RA' is defined in LEF but not in the timing library.
**WARN: (EMS-27):	Message (IMPVL-159) has exceeded the current message display limit of 20.
To increase the message display limit, refer to the product command reference manual.
Created 1077 new cells from 2 timing libraries.
Reading netlist ...
Backslashed names will retain backslash and a trailing blank character.
Reading verilog netlist 'typical/synth_typical.v'

*** Memory Usage v#1 (Current mem = 962.738M, initial mem = 184.438M) ***
*** End netlist parsing (cpu=0:00:00.1, real=0:00:00.0, mem=962.7M) ***
#- End Load netlist data ... (date=10/17 11:40:40, total cpu=0:00:00.1, real=0:00:00.0, peak res=257.4M, current mem=962.7M)
Top level cell is mod5_count.
Hooked 2154 DB cells to tlib cells.
Starting recursive module instantiation check.
No recursion found.
Building hierarchical netlist for Cell mod5_count ...
*** Netlist is unique.
** info: there are 2166 modules.
** info: there are 6 stdCell insts.

*** Memory Usage v#1 (Current mem = 1011.973M, initial mem = 184.438M) ***
Set Default Net Delay as 1000 ps.
Set Default Net Load as 0.5 pF. 
Set Default Input Pin Transition as 0.1 ps.
*Info: initialize multi-corner CTS.
Reading timing constraints file 'mod5count.sdc' ...
Current (total cpu=0:06:14, real=0:13:00, peak res=460.4M, current mem=1129.1M)
mod5_count
INFO (CTE): Constraints read successfully.
WARNING (CTE-25): Line: 3, 4 of File mod5count.sdc : Skipped unsupported command: set_units


Ending "Constraint file reading stats" (total cpu=0:00:00.1, real=0:00:00.0, peak res=469.3M, current mem=1139.3M)
Current (total cpu=0:06:14, real=0:13:00, peak res=469.3M, current mem=1139.3M)
Total number of combinational cells: 668
Total number of sequential cells: 394
Total number of tristate cells: 15
Total number of level shifter cells: 0
Total number of power gating cells: 0
Total number of isolation cells: 0
Total number of power switch cells: 0
Total number of pulse generator cells: 0
Total number of always on buffers: 0
Total number of retention cells: 0
List of usable buffers: BUFM10R BUFM12R BUFM14R BUFM16R BUFM18R BUFM22RA BUFM20R BUFM24R BUFM26RA BUFM2R BUFM3R BUFM32RA BUFM40RA BUFM48RA BUFM4R BUFM5R CKBUFM1R BUFM6R BUFM8R CKBUFM12R CKBUFM16R CKBUFM20R CKBUFM22RA CKBUFM24R CKBUFM26RA CKBUFM2R CKBUFM3R CKBUFM32R CKBUFM40R CKBUFM48R CKBUFM4R CKBUFM6R CKBUFM8R
Total number of usable buffers: 33
List of unusable buffers:
Total number of unusable buffers: 0
List of usable inverters: CKINVM1R CKINVM12R CKINVM16R CKINVM20R CKINVM22RA CKINVM24R CKINVM26RA CKINVM2R CKINVM3R CKINVM32R CKINVM40R CKINVM48R CKINVM4R CKINVM6R CKINVM8R INVM1R INVM10R INVM12R INVM14R INVM16R INVM18R INVM20R INVM22RA INVM24R INVM26RA INVM2R INVM3R INVM32R INVM40R INVM48R INVM4R INVM6R INVM5R INVM8R
Total number of usable inverters: 34
List of unusable inverters: REGKM2R REGKM1R REGKM4R INVM0R
Total number of unusable inverters: 4
List of identified usable delay cells: DEL1M1R DEL1M4R DEL2M1R DEL2M4R DEL3M1R DEL3M4R DEL4M1R DEL4M4R
Total number of identified usable delay cells: 8
List of identified unusable delay cells:
Total number of identified unusable delay cells: 0
Extraction setup Started 
Initializing multi-corner RC extraction with 1 active RC Corners ...
Captable file(s) not specified in multi-corner setup. PreRoute extraction will use technology file. For postRoute extraction, default value for effort level would be 'medium' and effort level 'low' would not be allowed.
Importing multi-corner technology file(s) for preRoute extraction...
../../../../../e/ee/een202501/Music/counter_design_database_45nm/QRC_Tech/gpdk045.tch
Completed (cpu: 0:00:09.3 real: 0:00:11.0)
Set Shrink Factor to 1.00000
Summary of Active RC-Corners : 
 
 Analysis View: worst_case
    RC-Corner Name        : Default_rc_corner
    RC-Corner Index       : 0
    RC-Corner Temperature : 25 Celsius
    RC-Corner Cap Table   : ''
    RC-Corner PreRoute Res Factor         : 1
    RC-Corner PreRoute Cap Factor         : 1
    RC-Corner PostRoute Res Factor        : 1 {1 1 1}
    RC-Corner PostRoute Cap Factor        : 1 {1 1 1}
    RC-Corner PostRoute XCap Factor       : 1 {1 1 1}
    RC-Corner PreRoute Clock Res Factor   : 1	[Derived from postRoute_res (effortLevel low)]
    RC-Corner PreRoute Clock Cap Factor   : 1	[Derived from postRoute_cap (effortLevel low)]
    RC-Corner PostRoute Clock Cap Factor  : 1 {1 1 1} 	[Derived from postRoute_cap (effortLevel low)]
    RC-Corner PostRoute Clock Res Factor  : 1 {1 1 1} 	[Derived from postRoute_res (effortLevel low)]
    RC-Corner Technology file: '../../../../../e/ee/een202501/Music/counter_design_database_45nm/QRC_Tech/gpdk045.tch'
 
 Analysis View: best_case
    RC-Corner Name        : Default_rc_corner
    RC-Corner Index       : 0
    RC-Corner Temperature : 25 Celsius
    RC-Corner Cap Table   : ''
    RC-Corner PreRoute Res Factor         : 1
    RC-Corner PreRoute Cap Factor         : 1
    RC-Corner PostRoute Res Factor        : 1 {1 1 1}
    RC-Corner PostRoute Cap Factor        : 1 {1 1 1}
    RC-Corner PostRoute XCap Factor       : 1 {1 1 1}
    RC-Corner PreRoute Clock Res Factor   : 1	[Derived from postRoute_res (effortLevel low)]
    RC-Corner PreRoute Clock Cap Factor   : 1	[Derived from postRoute_cap (effortLevel low)]
    RC-Corner PostRoute Clock Cap Factor  : 1 {1 1 1} 	[Derived from postRoute_cap (effortLevel low)]
    RC-Corner PostRoute Clock Res Factor  : 1 {1 1 1} 	[Derived from postRoute_res (effortLevel low)]
    RC-Corner Technology file: '../../../../../e/ee/een202501/Music/counter_design_database_45nm/QRC_Tech/gpdk045.tch'
Default value for postRoute extraction mode's effortLevel (-effortLevel option of setExtractRCMode) changed to 'medium'.

*** Summary of all messages that are not suppressed in this session:
Severity  ID               Count  Summary                                  
WARNING   IMPLF-200            1  Pin '%s' in macro '%s' has no ANTENNAGAT...
WARNING   IMPLF-108            1  There is no overlap layer defined in any...
WARNING   IMPVL-159         2154  Pin '%s' of cell '%s' is defined in LEF ...
WARNING   TECHLIB-302         20  No function defined for cell '%s'. The c...
WARNING   TECHLIB-436         20  Attribute '%s' on '%s' pin '%s' of cell ...
WARNING   TECHLIB-1365        20  The %s vector group for %s has a duplica...
*** Message Summary: 2216 warning(s), 0 error(s)

<CMD> fit
<CMD> uiSetTool ruler
<CMD> getIoFlowFlag
<CMD> setIoFlowFlag 0
<CMD> floorPlan -coreMarginsBy die -site CORE -r 1 0.699935 2.5 2.5 2.5 2.5
<CMD> uiSetTool select
<CMD> getIoFlowFlag
<CMD> fit
<CMD> uiSetTool ruler
<CMD> uiSetTool ruler
<CMD> uiSetTool ruler
<CMD> set sprCreateIeRingOffset 1.0
<CMD> set sprCreateIeRingThreshold 1.0
<CMD> set sprCreateIeRingJogDistance 1.0
<CMD> set sprCreateIeRingLayers {}
<CMD> set sprCreateIeRingOffset 1.0
<CMD> set sprCreateIeRingThreshold 1.0
<CMD> set sprCreateIeRingJogDistance 1.0
<CMD> set sprCreateIeRingLayers {}
<CMD> set sprCreateIeStripeWidth 10.0
<CMD> set sprCreateIeStripeThreshold 1.0
<CMD> set sprCreateIeStripeWidth 10.0
<CMD> set sprCreateIeStripeThreshold 1.0
<CMD> set sprCreateIeRingOffset 1.0
<CMD> set sprCreateIeRingThreshold 1.0
<CMD> set sprCreateIeRingJogDistance 1.0
<CMD> set sprCreateIeRingLayers {}
<CMD> set sprCreateIeStripeWidth 10.0
<CMD> set sprCreateIeStripeThreshold 1.0
<CMD> setAddRingMode -ring_target default -extend_over_row 0 -ignore_rows 0 -avoid_short 0 -skip_crossing_trunks none -stacked_via_top_layer AL_RDL -stacked_via_bottom_layer ME1 -via_using_exact_crossover_size 1 -orthogonal_only true -skip_via_on_pin {  standardcell } -skip_via_on_wire_shape {  noshape }
The ring targets are set to core/block ring wires.
addRing command will consider rows while creating rings.
addRing command will disallow rings to go over rows.
addRing command will ignore shorts while creating rings.
<CMD> addRing -nets {VSS VDD} -type core_rings -follow core -layer {top ME1 bottom ME1 left ME2 right ME2} -width {top 0.7 bottom 0.7 left 0.7 right 0.7} -spacing {top 0.16 bottom 0.16 left 0.16 right 0.16} -offset {top 0.5 bottom 0.5 left 0.5 right 0.5} -center 0 -extend_corner {} -threshold 0 -jog_distance 0 -snap_wire_center_to_grid None

**WARN: (IMPPP-193):	The currently specified top spacing 0.1600  might create min enclosed area violation. The required min enclosed area for layer ME1 is 0.2000. If violation happens, increase the spacing to around 0.4972. The recommended spacing is the square root of min enclosure area.
**WARN: (IMPPP-193):	The currently specified bottom spacing 0.1600  might create min enclosed area violation. The required min enclosed area for layer ME1 is 0.2000. If violation happens, increase the spacing to around 0.4972. The recommended spacing is the square root of min enclosure area.
**WARN: (IMPPP-193):	The currently specified left spacing 0.1600  might create min enclosed area violation. The required min enclosed area for layer ME2 is 0.1100. If violation happens, increase the spacing to around 0.3817. The recommended spacing is the square root of min enclosure area.
**WARN: (IMPPP-193):	The currently specified right spacing 0.1600  might create min enclosed area violation. The required min enclosed area for layer ME2 is 0.1100. If violation happens, increase the spacing to around 0.3817. The recommended spacing is the square root of min enclosure area.
Ring generation is complete.
vias are now being generated.
addRing created 8 wires.
ViaGen created 8 vias, deleted 0 via to avoid violation.
+--------+----------------+----------------+
|  Layer |     Created    |     Deleted    |
+--------+----------------+----------------+
|   ME1  |        4       |       NA       |
|   VI1  |        8       |        0       |
|   ME2  |        4       |       NA       |
+--------+----------------+----------------+
<CMD> setAddRingMode -ring_target default -extend_over_row 0 -ignore_rows 0 -avoid_short 0 -skip_crossing_trunks none -stacked_via_top_layer AL_RDL -stacked_via_bottom_layer ME1 -via_using_exact_crossover_size 1 -orthogonal_only true -skip_via_on_pin {  standardcell } -skip_via_on_wire_shape {  noshape }
The ring targets are set to core/block ring wires.
addRing command will consider rows while creating rings.
addRing command will disallow rings to go over rows.
addRing command will ignore shorts while creating rings.
<CMD> addRing -nets {VSS VDD} -type core_rings -follow core -layer {top ME1 bottom ME1 left ME2 right ME2} -width {top 0.7 bottom 0.7 left 0.7 right 0.7} -spacing {top 0.16 bottom 0.16 left 0.16 right 0.16} -offset {top 0.5 bottom 0.5 left 0.5 right 0.5} -center 0 -extend_corner {} -threshold 0 -jog_distance 0 -snap_wire_center_to_grid None

**WARN: (IMPPP-193):	The currently specified top spacing 0.1600  might create min enclosed area violation. The required min enclosed area for layer ME1 is 0.2000. If violation happens, increase the spacing to around 0.4972. The recommended spacing is the square root of min enclosure area.
**WARN: (IMPPP-193):	The currently specified bottom spacing 0.1600  might create min enclosed area violation. The required min enclosed area for layer ME1 is 0.2000. If violation happens, increase the spacing to around 0.4972. The recommended spacing is the square root of min enclosure area.
**WARN: (IMPPP-193):	The currently specified left spacing 0.1600  might create min enclosed area violation. The required min enclosed area for layer ME2 is 0.1100. If violation happens, increase the spacing to around 0.3817. The recommended spacing is the square root of min enclosure area.
**WARN: (IMPPP-193):	The currently specified right spacing 0.1600  might create min enclosed area violation. The required min enclosed area for layer ME2 is 0.1100. If violation happens, increase the spacing to around 0.3817. The recommended spacing is the square root of min enclosure area.
Ring generation is complete.
<CMD> uiSetTool ruler
<CMD> uiSetTool select
<CMD> set sprCreateIeRingOffset 1.0
<CMD> set sprCreateIeRingThreshold 1.0
<CMD> set sprCreateIeRingJogDistance 1.0
<CMD> set sprCreateIeRingLayers {}
<CMD> set sprCreateIeRingOffset 1.0
<CMD> set sprCreateIeRingThreshold 1.0
<CMD> set sprCreateIeRingJogDistance 1.0
<CMD> set sprCreateIeRingLayers {}
<CMD> set sprCreateIeStripeWidth 10.0
<CMD> set sprCreateIeStripeThreshold 1.0
<CMD> set sprCreateIeStripeWidth 10.0
<CMD> set sprCreateIeStripeThreshold 1.0
<CMD> set sprCreateIeRingOffset 1.0
<CMD> set sprCreateIeRingThreshold 1.0
<CMD> set sprCreateIeRingJogDistance 1.0
<CMD> set sprCreateIeRingLayers {}
<CMD> set sprCreateIeStripeWidth 10.0
<CMD> set sprCreateIeStripeThreshold 1.0
<CMD> setAddStripeMode -ignore_block_check false -break_at none -route_over_rows_only false -rows_without_stripes_only false -extend_to_closest_target none -stop_at_last_wire_for_area false -partial_set_thru_domain false -ignore_nondefault_domains false -trim_antenna_back_to_shape none -spacing_type edge_to_edge -spacing_from_block 0 -stripe_min_length 0 -stacked_via_top_layer AL_RDL -stacked_via_bottom_layer ME1 -via_using_exact_crossover_size false -split_vias false -orthogonal_only true -allow_jog { padcore_ring  block_ring }
addStripe will allow jog to connect padcore ring and block ring.
Stripes will stop at the boundary of the specified area.
When breaking rings, the power planner will consider the existence of blocks.
Stripes will not extend to closest target.
The power planner will set stripe antenna targets to none (no trimming allowed).
Stripes will not be created over regions without power planning wires.
The entire stripe set will break at the domain if one of the nets is not in the domain.
addStripe will break automatically at non-default domains when generating global stripes over the core area or default domain.
AddStripe segment minimum length set to 1
Offset for stripe breaking is set to 0.
<CMD> addStripe -nets {VDD VSS} -layer ME1 -direction vertical -width 0.22 -spacing 0.09 -set_to_set_distance 5 -start_from left -start_offset 1 -stop_offset 0 -switch_layer_over_obs false -max_same_layer_jog_length 2 -padcore_ring_top_layer_limit AL_RDL -padcore_ring_bottom_layer_limit ME1 -block_ring_top_layer_limit AL_RDL -block_ring_bottom_layer_limit ME1 -use_wire_group 0 -snap_wire_center_to_grid None -skip_via_on_pin {  standardcell } -skip_via_on_wire_shape {  noshape }

**WARN: (IMPPP-193):	The currently specified  spacing 0.0900 in -spacing option might create min enclosed area violation. The required min enclosed area for layer ME1 is 0.2000. If violation happens, increase the spacing to around 0.4972. The recommended spacing is the square root of min enclosure area.
Starting stripe generation ...
Non-Default Mode Option Settings :
  NONE
**WARN: (IMPPP-354):	The power planner did not generate vertical stripe at 3.710 0.540 3.710 9.360 with width 0.220 either because the stripe would merge with rings, or because stripe could not be connected to any legal targets, or because stripe would break design rule. 
**WARN: (IMPPP-354):	The power planner did not generate vertical stripe at 8.710 0.540 8.710 9.360 with width 0.220 either because the stripe would merge with rings, or because stripe could not be connected to any legal targets, or because stripe would break design rule. 
Stripe generation is complete.
vias are now being generated.
addStripe created 2 wires.
ViaGen created 0 via, deleted 0 via to avoid violation.
+--------+----------------+----------------+
|  Layer |     Created    |     Deleted    |
+--------+----------------+----------------+
|   ME1  |        2       |       NA       |
+--------+----------------+----------------+
<CMD> setAddStripeMode -ignore_block_check false -break_at none -route_over_rows_only false -rows_without_stripes_only false -extend_to_closest_target none -stop_at_last_wire_for_area false -partial_set_thru_domain false -ignore_nondefault_domains false -trim_antenna_back_to_shape none -spacing_type edge_to_edge -spacing_from_block 0 -stripe_min_length 0 -stacked_via_top_layer AL_RDL -stacked_via_bottom_layer ME1 -via_using_exact_crossover_size false -split_vias false -orthogonal_only true -allow_jog { padcore_ring  block_ring }
addStripe will allow jog to connect padcore ring and block ring.
Stripes will stop at the boundary of the specified area.
When breaking rings, the power planner will consider the existence of blocks.
Stripes will not extend to closest target.
The power planner will set stripe antenna targets to none (no trimming allowed).
Stripes will not be created over regions without power planning wires.
The entire stripe set will break at the domain if one of the nets is not in the domain.
addStripe will break automatically at non-default domains when generating global stripes over the core area or default domain.
AddStripe segment minimum length set to 1
Offset for stripe breaking is set to 0.
<CMD> addStripe -nets {VDD VSS} -layer ME1 -direction vertical -width 0.22 -spacing 0.09 -set_to_set_distance 5 -start_from left -start_offset 1 -stop_offset 0 -switch_layer_over_obs false -max_same_layer_jog_length 2 -padcore_ring_top_layer_limit AL_RDL -padcore_ring_bottom_layer_limit ME1 -block_ring_top_layer_limit AL_RDL -block_ring_bottom_layer_limit ME1 -use_wire_group 0 -snap_wire_center_to_grid None -skip_via_on_pin {  standardcell } -skip_via_on_wire_shape {  noshape }

**WARN: (IMPPP-193):	The currently specified  spacing 0.0900 in -spacing option might create min enclosed area violation. The required min enclosed area for layer ME1 is 0.2000. If violation happens, increase the spacing to around 0.4972. The recommended spacing is the square root of min enclosure area.
Starting stripe generation ...
Non-Default Mode Option Settings :
  NONE
**WARN: (IMPPP-354):	The power planner did not generate vertical stripe at 3.710 0.540 3.710 9.360 with width 0.220 either because the stripe would merge with rings, or because stripe could not be connected to any legal targets, or because stripe would break design rule. 
**WARN: (IMPPP-354):	The power planner did not generate vertical stripe at 8.710 0.540 8.710 9.360 with width 0.220 either because the stripe would merge with rings, or because stripe could not be connected to any legal targets, or because stripe would break design rule. 
**WARN: (IMPPP-170):	The power planner failed to create a wire at (4.02, 1.40) (4.02, 9.20) because same wire already exists.
**WARN: (IMPPP-170):	The power planner failed to create a wire at (9.02, 1.40) (9.02, 9.20) because same wire already exists.
Stripe generation is complete.
<CMD> setAddStripeMode -ignore_block_check false -break_at none -route_over_rows_only false -rows_without_stripes_only false -extend_to_closest_target none -stop_at_last_wire_for_area false -partial_set_thru_domain false -ignore_nondefault_domains false -trim_antenna_back_to_shape none -spacing_type edge_to_edge -spacing_from_block 0 -stripe_min_length 0 -stacked_via_top_layer AL_RDL -stacked_via_bottom_layer ME1 -via_using_exact_crossover_size false -split_vias false -orthogonal_only true -allow_jog { padcore_ring  block_ring }
addStripe will allow jog to connect padcore ring and block ring.
Stripes will stop at the boundary of the specified area.
When breaking rings, the power planner will consider the existence of blocks.
Stripes will not extend to closest target.
The power planner will set stripe antenna targets to none (no trimming allowed).
Stripes will not be created over regions without power planning wires.
The entire stripe set will break at the domain if one of the nets is not in the domain.
addStripe will break automatically at non-default domains when generating global stripes over the core area or default domain.
AddStripe segment minimum length set to 1
Offset for stripe breaking is set to 0.
<CMD> addStripe -nets {VDD VSS} -layer ME1 -direction vertical -width 0.22 -spacing 0.2 -set_to_set_distance 5 -start_from left -start_offset 1 -stop_offset 0 -switch_layer_over_obs false -max_same_layer_jog_length 2 -padcore_ring_top_layer_limit AL_RDL -padcore_ring_bottom_layer_limit ME1 -block_ring_top_layer_limit AL_RDL -block_ring_bottom_layer_limit ME1 -use_wire_group 0 -snap_wire_center_to_grid None -skip_via_on_pin {  standardcell } -skip_via_on_wire_shape {  noshape }

**WARN: (IMPPP-193):	The currently specified  spacing 0.2000 in -spacing option might create min enclosed area violation. The required min enclosed area for layer ME1 is 0.2000. If violation happens, increase the spacing to around 0.4972. The recommended spacing is the square root of min enclosure area.
Starting stripe generation ...
Non-Default Mode Option Settings :
  NONE
**WARN: (IMPPP-354):	The power planner did not generate vertical stripe at 3.710 0.540 3.710 9.360 with width 0.220 either because the stripe would merge with rings, or because stripe could not be connected to any legal targets, or because stripe would break design rule. 
**WARN: (IMPPP-354):	The power planner did not generate vertical stripe at 8.710 0.540 8.710 9.360 with width 0.220 either because the stripe would merge with rings, or because stripe could not be connected to any legal targets, or because stripe would break design rule. 
Stripe generation is complete.
vias are now being generated.
addStripe created 2 wires.
ViaGen created 0 via, deleted 0 via to avoid violation.
+--------+----------------+----------------+
|  Layer |     Created    |     Deleted    |
+--------+----------------+----------------+
|   ME1  |        2       |       NA       |
+--------+----------------+----------------+
<CMD> setAddStripeMode -ignore_block_check false -break_at none -route_over_rows_only false -rows_without_stripes_only false -extend_to_closest_target none -stop_at_last_wire_for_area false -partial_set_thru_domain false -ignore_nondefault_domains false -trim_antenna_back_to_shape none -spacing_type edge_to_edge -spacing_from_block 0 -stripe_min_length 0 -stacked_via_top_layer AL_RDL -stacked_via_bottom_layer ME1 -via_using_exact_crossover_size false -split_vias false -orthogonal_only true -allow_jog { padcore_ring  block_ring }
addStripe will allow jog to connect padcore ring and block ring.
Stripes will stop at the boundary of the specified area.
When breaking rings, the power planner will consider the existence of blocks.
Stripes will not extend to closest target.
The power planner will set stripe antenna targets to none (no trimming allowed).
Stripes will not be created over regions without power planning wires.
The entire stripe set will break at the domain if one of the nets is not in the domain.
addStripe will break automatically at non-default domains when generating global stripes over the core area or default domain.
AddStripe segment minimum length set to 1
Offset for stripe breaking is set to 0.
<CMD> addStripe -nets {VDD VSS} -layer ME1 -direction vertical -width 0.22 -spacing 0.4 -set_to_set_distance 5 -start_from left -start_offset 1 -stop_offset 0 -switch_layer_over_obs false -max_same_layer_jog_length 2 -padcore_ring_top_layer_limit AL_RDL -padcore_ring_bottom_layer_limit ME1 -block_ring_top_layer_limit AL_RDL -block_ring_bottom_layer_limit ME1 -use_wire_group 0 -snap_wire_center_to_grid None -skip_via_on_pin {  standardcell } -skip_via_on_wire_shape {  noshape }

**WARN: (IMPPP-193):	The currently specified  spacing 0.4000 in -spacing option might create min enclosed area violation. The required min enclosed area for layer ME1 is 0.2000. If violation happens, increase the spacing to around 0.4972. The recommended spacing is the square root of min enclosure area.
Starting stripe generation ...
Non-Default Mode Option Settings :
  NONE
**WARN: (IMPPP-354):	The power planner did not generate vertical stripe at 3.710 0.540 3.710 9.360 with width 0.220 either because the stripe would merge with rings, or because stripe could not be connected to any legal targets, or because stripe would break design rule. 
**WARN: (IMPPP-354):	The power planner did not generate vertical stripe at 8.710 0.540 8.710 9.360 with width 0.220 either because the stripe would merge with rings, or because stripe could not be connected to any legal targets, or because stripe would break design rule. 
Stripe generation is complete.
vias are now being generated.
addStripe created 2 wires.
ViaGen created 0 via, deleted 0 via to avoid violation.
+--------+----------------+----------------+
|  Layer |     Created    |     Deleted    |
+--------+----------------+----------------+
|   ME1  |        2       |       NA       |
+--------+----------------+----------------+
<CMD> gui_select -rect {3.650 9.184 5.159 0.861}
<CMD> gui_select -rect {3.570 9.223 5.000 0.841}
<CMD> deleteSelectedFromFPlan
<CMD> gui_select -rect {8.575 9.184 9.847 0.920}
<CMD> deleteSelectedFromFPlan
<CMD> gui_select -rect {8.695 9.243 9.549 1.099}
<CMD> deleteSelectedFromFPlan
<CMD> setAddStripeMode -ignore_block_check false -break_at none -route_over_rows_only false -rows_without_stripes_only false -extend_to_closest_target none -stop_at_last_wire_for_area false -partial_set_thru_domain false -ignore_nondefault_domains false -trim_antenna_back_to_shape none -spacing_type edge_to_edge -spacing_from_block 0 -stripe_min_length 0 -stacked_via_top_layer AL_RDL -stacked_via_bottom_layer ME1 -via_using_exact_crossover_size false -split_vias false -orthogonal_only true -allow_jog { padcore_ring  block_ring }
addStripe will allow jog to connect padcore ring and block ring.
Stripes will stop at the boundary of the specified area.
When breaking rings, the power planner will consider the existence of blocks.
Stripes will not extend to closest target.
The power planner will set stripe antenna targets to none (no trimming allowed).
Stripes will not be created over regions without power planning wires.
The entire stripe set will break at the domain if one of the nets is not in the domain.
addStripe will break automatically at non-default domains when generating global stripes over the core area or default domain.
AddStripe segment minimum length set to 1
Offset for stripe breaking is set to 0.
<CMD> addStripe -nets {VDD VSS} -layer ME1 -direction vertical -width 0.2 -spacing 0.4 -set_to_set_distance 5 -start_from left -start_offset 1 -stop_offset 0 -switch_layer_over_obs false -max_same_layer_jog_length 2 -padcore_ring_top_layer_limit AL_RDL -padcore_ring_bottom_layer_limit ME1 -block_ring_top_layer_limit AL_RDL -block_ring_bottom_layer_limit ME1 -use_wire_group 0 -snap_wire_center_to_grid None -skip_via_on_pin {  standardcell } -skip_via_on_wire_shape {  noshape }

**WARN: (IMPPP-193):	The currently specified  spacing 0.4000 in -spacing option might create min enclosed area violation. The required min enclosed area for layer ME1 is 0.2000. If violation happens, increase the spacing to around 0.4972. The recommended spacing is the square root of min enclosure area.
Starting stripe generation ...
Non-Default Mode Option Settings :
  NONE
**WARN: (IMPPP-354):	The power planner did not generate vertical stripe at 3.700 0.540 3.700 9.360 with width 0.200 either because the stripe would merge with rings, or because stripe could not be connected to any legal targets, or because stripe would break design rule. 
**WARN: (IMPPP-354):	The power planner did not generate vertical stripe at 8.700 0.540 8.700 9.360 with width 0.200 either because the stripe would merge with rings, or because stripe could not be connected to any legal targets, or because stripe would break design rule. 
Stripe generation is complete.
vias are now being generated.
addStripe created 2 wires.
ViaGen created 0 via, deleted 0 via to avoid violation.
+--------+----------------+----------------+
|  Layer |     Created    |     Deleted    |
+--------+----------------+----------------+
|   ME1  |        2       |       NA       |
+--------+----------------+----------------+
<CMD> setAddStripeMode -ignore_block_check false -break_at none -route_over_rows_only false -rows_without_stripes_only false -extend_to_closest_target none -stop_at_last_wire_for_area false -partial_set_thru_domain false -ignore_nondefault_domains false -trim_antenna_back_to_shape none -spacing_type edge_to_edge -spacing_from_block 0 -stripe_min_length 0 -stacked_via_top_layer AL_RDL -stacked_via_bottom_layer ME1 -via_using_exact_crossover_size false -split_vias false -orthogonal_only true -allow_jog { padcore_ring  block_ring }
addStripe will allow jog to connect padcore ring and block ring.
Stripes will stop at the boundary of the specified area.
When breaking rings, the power planner will consider the existence of blocks.
Stripes will not extend to closest target.
The power planner will set stripe antenna targets to none (no trimming allowed).
Stripes will not be created over regions without power planning wires.
The entire stripe set will break at the domain if one of the nets is not in the domain.
addStripe will break automatically at non-default domains when generating global stripes over the core area or default domain.
AddStripe segment minimum length set to 1
Offset for stripe breaking is set to 0.
<CMD> addStripe -nets {VDD VSS} -layer ME1 -direction vertical -width 0.2 -spacing 0.09 -set_to_set_distance 5 -start_from left -start_offset 1 -stop_offset 0 -switch_layer_over_obs false -max_same_layer_jog_length 2 -padcore_ring_top_layer_limit AL_RDL -padcore_ring_bottom_layer_limit ME1 -block_ring_top_layer_limit AL_RDL -block_ring_bottom_layer_limit ME1 -use_wire_group 0 -snap_wire_center_to_grid None -skip_via_on_pin {  standardcell } -skip_via_on_wire_shape {  noshape }

**WARN: (IMPPP-193):	The currently specified  spacing 0.0900 in -spacing option might create min enclosed area violation. The required min enclosed area for layer ME1 is 0.2000. If violation happens, increase the spacing to around 0.4972. The recommended spacing is the square root of min enclosure area.
Starting stripe generation ...
Non-Default Mode Option Settings :
  NONE
**WARN: (IMPPP-354):	The power planner did not generate vertical stripe at 3.700 0.540 3.700 9.360 with width 0.200 either because the stripe would merge with rings, or because stripe could not be connected to any legal targets, or because stripe would break design rule. 
**WARN: (IMPPP-354):	The power planner did not generate vertical stripe at 8.700 0.540 8.700 9.360 with width 0.200 either because the stripe would merge with rings, or because stripe could not be connected to any legal targets, or because stripe would break design rule. 
Stripe generation is complete.
vias are now being generated.
addStripe created 2 wires.
ViaGen created 0 via, deleted 0 via to avoid violation.
+--------+----------------+----------------+
|  Layer |     Created    |     Deleted    |
+--------+----------------+----------------+
|   ME1  |        2       |       NA       |
+--------+----------------+----------------+
<CMD> gui_select -rect {3.630 9.223 10.046 1.059}
<CMD> deleteSelectedFromFPlan
<CMD> setAddStripeMode -ignore_block_check false -break_at none -route_over_rows_only false -rows_without_stripes_only false -extend_to_closest_target none -stop_at_last_wire_for_area false -partial_set_thru_domain false -ignore_nondefault_domains false -trim_antenna_back_to_shape none -spacing_type edge_to_edge -spacing_from_block 0 -stripe_min_length 0 -stacked_via_top_layer AL_RDL -stacked_via_bottom_layer ME1 -via_using_exact_crossover_size false -split_vias false -orthogonal_only true -allow_jog { padcore_ring  block_ring }
addStripe will allow jog to connect padcore ring and block ring.
Stripes will stop at the boundary of the specified area.
When breaking rings, the power planner will consider the existence of blocks.
Stripes will not extend to closest target.
The power planner will set stripe antenna targets to none (no trimming allowed).
Stripes will not be created over regions without power planning wires.
The entire stripe set will break at the domain if one of the nets is not in the domain.
addStripe will break automatically at non-default domains when generating global stripes over the core area or default domain.
AddStripe segment minimum length set to 1
Offset for stripe breaking is set to 0.
<CMD> addStripe -nets {VDD VSS} -layer ME1 -direction vertical -width 0.2 -spacing 0.09 -set_to_set_distance 10 -start_from left -start_offset 1 -stop_offset 0 -switch_layer_over_obs false -max_same_layer_jog_length 2 -padcore_ring_top_layer_limit AL_RDL -padcore_ring_bottom_layer_limit ME1 -block_ring_top_layer_limit AL_RDL -block_ring_bottom_layer_limit ME1 -use_wire_group 0 -snap_wire_center_to_grid None -skip_via_on_pin {  standardcell } -skip_via_on_wire_shape {  noshape }

**WARN: (IMPPP-193):	The currently specified  spacing 0.0900 in -spacing option might create min enclosed area violation. The required min enclosed area for layer ME1 is 0.2000. If violation happens, increase the spacing to around 0.4972. The recommended spacing is the square root of min enclosure area.
Starting stripe generation ...
Non-Default Mode Option Settings :
  NONE
**WARN: (IMPPP-354):	The power planner did not generate vertical stripe at 3.700 0.540 3.700 9.360 with width 0.200 either because the stripe would merge with rings, or because stripe could not be connected to any legal targets, or because stripe would break design rule. 
Stripe generation is complete.
vias are now being generated.
addStripe created 1 wire.
ViaGen created 0 via, deleted 0 via to avoid violation.
+--------+----------------+----------------+
|  Layer |     Created    |     Deleted    |
+--------+----------------+----------------+
|   ME1  |        1       |       NA       |
+--------+----------------+----------------+
<CMD> gui_select -rect {3.510 9.382 4.623 1.238}
<CMD> deleteSelectedFromFPlan
<CMD> setAddStripeMode -ignore_block_check false -break_at none -route_over_rows_only false -rows_without_stripes_only false -extend_to_closest_target none -stop_at_last_wire_for_area false -partial_set_thru_domain false -ignore_nondefault_domains false -trim_antenna_back_to_shape none -spacing_type edge_to_edge -spacing_from_block 0 -stripe_min_length 0 -stacked_via_top_layer AL_RDL -stacked_via_bottom_layer ME1 -via_using_exact_crossover_size false -split_vias false -orthogonal_only true -allow_jog { padcore_ring  block_ring }
addStripe will allow jog to connect padcore ring and block ring.
Stripes will stop at the boundary of the specified area.
When breaking rings, the power planner will consider the existence of blocks.
Stripes will not extend to closest target.
The power planner will set stripe antenna targets to none (no trimming allowed).
Stripes will not be created over regions without power planning wires.
The entire stripe set will break at the domain if one of the nets is not in the domain.
addStripe will break automatically at non-default domains when generating global stripes over the core area or default domain.
AddStripe segment minimum length set to 1
Offset for stripe breaking is set to 0.
<CMD> addStripe -nets {VDD VSS} -layer ME1 -direction vertical -width -spacing 0.09 -set_to_set_distance 20 -start_from left -start_offset 1 -stop_offset 0 -switch_layer_over_obs false -max_same_layer_jog_length 2 -padcore_ring_top_layer_limit AL_RDL -padcore_ring_bottom_layer_limit ME1 -block_ring_top_layer_limit AL_RDL -block_ring_bottom_layer_limit ME1 -use_wire_group 0 -snap_wire_center_to_grid None -skip_via_on_pin {  standardcell } -skip_via_on_wire_shape {  noshape }

Usage: addStripe [-help] [-all_blocks <0|1>] [-area <x1 y1 x2 y2 ...>] [-area_blockage < {x1 y1 x2 y2}... {x1 y1 x2 y2 x3 y3 x4 y4 ...} ...>] [-between_bumps <0|1>]
                 [-block_ring_bottom_layer_limit <layer>] [-block_ring_top_layer_limit <layer>] [-create_pins <0|1>] [-direction {horizontal vertical}]
                 [-extend_to {design_boundary first_padring last_padring all_domains}] -layer <layer> [-master <master_cell>] [-max_same_layer_jog_length <real_value>]
                 [-merge_stripes_value <auto|value>] [-narrow_channel <0|1>] -nets <list_of_nets> [-number_of_sets <integer_value>] [-over_bumps <0|1>]
                 [-over_physical_pins <0|1>] [-over_pins <0|1>] [-over_power_domain <0|1>] [-padcore_ring_bottom_layer_limit <layer>]
                 [-padcore_ring_top_layer_limit <layer>] [-pin_layer <layer>] [-pin_offset <real_value>] [-pin_width <min_value max_value>]
                 [-report_cut_stripe <log name>] [-same_layer_target_only <0|1>] [-set_to_set_distance <real_value>]
                 [-snap_wire_center_to_grid {None Grid Mask1_Grid Mask2_Grid Half_Grid Either}] [-spacing <name_or_value>]
                 [-stapling <stripe_length>|auto {<ref_offeset ref_pitch:pitch_num> | <ref_layer1>} [ref_layer2]>] [-start <real_value>]
                 [-start_from {left right bottom top}] [-start_offset <real_value>] [-stop <real_value>] [-stop_offset <real_value>] [-switch_layer_over_obs <0|1>]
                 [-uda <subclass_string>] [-use_interleaving_wire_group <0|1>] [-use_wire_group {-1 0 1}] [-use_wire_group_bits <integer_value>] [-via_columns <integer>]
                 [-via_rows <integer>] -width <name_or_value>

**ERROR: (IMPTCM-48):	"0.09" is not a legal option for command "addStripe". Either the current option or an option prior to it is not specified correctly.
**ERROR: (IMPQTF-4044):	Error happens when execute '::PPAddStripes::AdStripeApply' with error message: '  '.This is probably an inner GUI action error.Use direct TCL command instead of GUI interactive.
<CMD> setAddStripeMode -ignore_block_check false -break_at none -route_over_rows_only false -rows_without_stripes_only false -extend_to_closest_target none -stop_at_last_wire_for_area false -partial_set_thru_domain false -ignore_nondefault_domains false -trim_antenna_back_to_shape none -spacing_type edge_to_edge -spacing_from_block 0 -stripe_min_length 0 -stacked_via_top_layer AL_RDL -stacked_via_bottom_layer ME1 -via_using_exact_crossover_size false -split_vias false -orthogonal_only true -allow_jog { padcore_ring  block_ring }
addStripe will allow jog to connect padcore ring and block ring.
Stripes will stop at the boundary of the specified area.
When breaking rings, the power planner will consider the existence of blocks.
Stripes will not extend to closest target.
The power planner will set stripe antenna targets to none (no trimming allowed).
Stripes will not be created over regions without power planning wires.
The entire stripe set will break at the domain if one of the nets is not in the domain.
addStripe will break automatically at non-default domains when generating global stripes over the core area or default domain.
AddStripe segment minimum length set to 1
Offset for stripe breaking is set to 0.
<CMD> addStripe -nets {VDD VSS} -layer ME1 -direction vertical -width 0.2 -spacing 0.1 -set_to_set_distance 20 -start_from left -start_offset 1 -stop_offset 0 -switch_layer_over_obs false -max_same_layer_jog_length 2 -padcore_ring_top_layer_limit AL_RDL -padcore_ring_bottom_layer_limit ME1 -block_ring_top_layer_limit AL_RDL -block_ring_bottom_layer_limit ME1 -use_wire_group 0 -snap_wire_center_to_grid None -skip_via_on_pin {  standardcell } -skip_via_on_wire_shape {  noshape }

**WARN: (IMPPP-193):	The currently specified  spacing 0.1000 in -spacing option might create min enclosed area violation. The required min enclosed area for layer ME1 is 0.2000. If violation happens, increase the spacing to around 0.4972. The recommended spacing is the square root of min enclosure area.
Starting stripe generation ...
Non-Default Mode Option Settings :
  NONE
**WARN: (IMPPP-354):	The power planner did not generate vertical stripe at 3.700 0.540 3.700 9.360 with width 0.200 either because the stripe would merge with rings, or because stripe could not be connected to any legal targets, or because stripe would break design rule. 
Stripe generation is complete.
vias are now being generated.
addStripe created 1 wire.
ViaGen created 0 via, deleted 0 via to avoid violation.
+--------+----------------+----------------+
|  Layer |     Created    |     Deleted    |
+--------+----------------+----------------+
|   ME1  |        1       |       NA       |
+--------+----------------+----------------+
<CMD> gui_select -rect {3.550 9.739 5.020 0.861}
<CMD> deleteSelectedFromFPlan
<CMD> setAddStripeMode -ignore_block_check false -break_at none -route_over_rows_only false -rows_without_stripes_only false -extend_to_closest_target none -stop_at_last_wire_for_area false -partial_set_thru_domain false -ignore_nondefault_domains false -trim_antenna_back_to_shape none -spacing_type edge_to_edge -spacing_from_block 0 -strip